<?xml version="1.0" encoding="UTF-8"?>
<testng-results ignored="0" total="1" passed="1" failed="0" skipped="0">
  <reporter-output>
  </reporter-output>
  <suite started-at="2021-09-04T11:22:47Z" name="Default suite" finished-at="2021-09-04T11:22:47Z" duration-ms="241">
    <groups>
    </groups>
    <test started-at="2021-09-04T11:22:47Z" name="Default test" finished-at="2021-09-04T11:22:47Z" duration-ms="241">
      <class name="Java.Jdbc.connectToDataBase">
        <test-method signature="connectDB()[pri:0, instance:Java.Jdbc.connectToDataBase@332729ad]" started-at="2021-09-04T11:22:47Z" name="connectDB" finished-at="2021-09-04T11:22:47Z" duration-ms="226" status="PASS">
          <reporter-output>
          </reporter-output>
        </test-method> <!-- connectDB -->
      </class> <!-- Java.Jdbc.connectToDataBase -->
    </test> <!-- Default test -->
  </suite> <!-- Default suite -->
</testng-results>
